2015/08/05 11:50:45 INFO  - jmeter.util.JMeterUtils: Setting Locale to en_US 
2015/08/05 11:50:45 INFO  - jmeter.JMeter: Loading user properties from: /Users/xtong/Codebin/apache-jmeter-2.13/bin/user.properties 
2015/08/05 11:50:45 INFO  - jmeter.JMeter: Loading system properties from: /Users/xtong/Codebin/apache-jmeter-2.13/bin/system.properties 
2015/08/05 11:50:45 INFO  - jmeter.JMeter: Copyright (c) 1998-2015 The Apache Software Foundation 
2015/08/05 11:50:45 INFO  - jmeter.JMeter: Version 2.13 r1665067 
2015/08/05 11:50:45 INFO  - jmeter.JMeter: java.version=1.7.0_79 
2015/08/05 11:50:45 INFO  - jmeter.JMeter: java.vm.name=Java HotSpot(TM) 64-Bit Server VM 
2015/08/05 11:50:45 INFO  - jmeter.JMeter: os.name=Mac OS X 
2015/08/05 11:50:45 INFO  - jmeter.JMeter: os.arch=x86_64 
2015/08/05 11:50:45 INFO  - jmeter.JMeter: os.version=10.10.3 
2015/08/05 11:50:45 INFO  - jmeter.JMeter: file.encoding=UTF-8 
2015/08/05 11:50:45 INFO  - jmeter.JMeter: Default Locale=English (United States) 
2015/08/05 11:50:45 INFO  - jmeter.JMeter: JMeter  Locale=English (United States) 
2015/08/05 11:50:45 INFO  - jmeter.JMeter: JMeterHome=/Users/xtong/Codebin/apache-jmeter-2.13 
2015/08/05 11:50:45 INFO  - jmeter.JMeter: user.dir  =/Users/xtong/Codebin/data-transfer 
2015/08/05 11:50:45 INFO  - jmeter.JMeter: PWD       =/Users/xtong/Codebin/data-transfer 
2015/08/05 11:50:45 ERROR - jmeter.util.JMeterUtils: Unable to get local host IP address. 
2015/08/05 11:50:45 ERROR - jmeter.util.JMeterUtils: Unable to get local host IP address. 
2015/08/05 11:50:45 ERROR - jmeter.util.JMeterUtils: Unable to get local host IP address. 
2015/08/05 11:50:45 INFO  - jmeter.JMeter: IP: null Name: null FullName: null 
2015/08/05 11:50:45 INFO  - jmeter.gui.action.LookAndFeelCommand: Using look and feel: com.apple.laf.AquaLookAndFeel [Mac OS X, System] 
2015/08/05 11:50:45 INFO  - jmeter.JMeter: Loaded icon properties from org/apache/jmeter/images/icon.properties 
2015/08/05 11:50:46 INFO  - jmeter.engine.util.CompoundVariable: Note: Function class names must contain the string: '.functions.' 
2015/08/05 11:50:46 INFO  - jmeter.engine.util.CompoundVariable: Note: Function class names must not contain the string: '.gui.' 
2015/08/05 11:50:47 INFO  - jmeter.util.BSFTestElement: Registering JMeter version of JavaScript engine as work-round for BSF-22 
2015/08/05 11:50:47 INFO  - jmeter.protocol.http.sampler.HTTPSamplerBase: Cannot find .className property for htmlParser, using default 
2015/08/05 11:50:47 INFO  - jmeter.protocol.http.sampler.HTTPSamplerBase: Parser for text/html is  
2015/08/05 11:50:47 INFO  - jmeter.protocol.http.sampler.HTTPSamplerBase: Parser for application/xhtml+xml is  
2015/08/05 11:50:47 INFO  - jmeter.protocol.http.sampler.HTTPSamplerBase: Parser for application/xml is  
2015/08/05 11:50:47 INFO  - jmeter.protocol.http.sampler.HTTPSamplerBase: Parser for text/xml is  
2015/08/05 11:50:47 INFO  - jmeter.protocol.http.sampler.HTTPSamplerBase: Parser for text/vnd.wap.wml is org.apache.jmeter.protocol.http.parser.RegexpHTMLParser 
2015/08/05 11:50:47 INFO  - jmeter.gui.util.MenuFactory: Skipping org.apache.jmeter.protocol.http.control.gui.WebServiceSamplerGui 
2015/08/05 11:50:47 INFO  - jmeter.gui.util.MenuFactory: Skipping org.apache.jmeter.protocol.http.modifier.gui.ParamModifierGui 
2015/08/05 11:50:48 INFO  - jorphan.exec.KeyToolUtils: keytool found at 'keytool' 
2015/08/05 11:50:48 INFO  - jmeter.protocol.http.proxy.ProxyControl: HTTP(S) Test Script Recorder SSL Proxy will use keys that support embedded 3rd party resources in file /Users/xtong/Codebin/apache-jmeter-2.13/bin/proxyserver.jks 
2015/08/05 11:50:48 INFO  - jmeter.samplers.SampleResult: Note: Sample TimeStamps are START times 
2015/08/05 11:50:48 INFO  - jmeter.samplers.SampleResult: sampleresult.default.encoding is set to ISO-8859-1 
2015/08/05 11:50:48 INFO  - jmeter.samplers.SampleResult: sampleresult.useNanoTime=true 
2015/08/05 11:50:48 INFO  - jmeter.samplers.SampleResult: sampleresult.nanoThreadSleep=5000 
2015/08/05 11:59:57 INFO  - jmeter.services.FileServer: Default base='/Users/xtong/Codebin/data-transfer' 
2015/08/05 11:59:57 INFO  - jmeter.gui.action.Load: Loading file: /Users/xtong/Codebin/apache-jmeter-2.13/bin/templates/Snowflake JDBC.jmx 
2015/08/05 11:59:57 INFO  - jmeter.services.FileServer: Set new base='/Users/xtong/Codebin/apache-jmeter-2.13/bin/templates' 
2015/08/05 11:59:57 INFO  - jmeter.save.SaveService: Testplan (JMX) version: 2.2. Testlog (JTL) version: 2.2 
2015/08/05 11:59:57 INFO  - jmeter.save.SaveService: Using SaveService properties file encoding UTF-8 
2015/08/05 11:59:57 INFO  - jmeter.save.SaveService: Using SaveService properties file version 1656252 
2015/08/05 11:59:57 INFO  - jmeter.save.SaveService: Using SaveService properties version 2.8 
2015/08/05 11:59:57 INFO  - jmeter.save.SaveService: All converter versions present and correct 
2015/08/05 11:59:57 INFO  - jmeter.save.SaveService: Loading file: /Users/xtong/Codebin/apache-jmeter-2.13/bin/templates/Snowflake JDBC.jmx 
2015/08/05 11:59:57 INFO  - jmeter.services.FileServer: Set new base='/Users/xtong/Codebin/apache-jmeter-2.13/bin/templates' 
2015/08/05 12:00:15 INFO  - jmeter.engine.StandardJMeterEngine: Listeners will be started after enabling running version 
2015/08/05 12:00:15 INFO  - jmeter.engine.StandardJMeterEngine: To revert to the earlier behaviour, define jmeterengine.startlistenerslater=false 
2015/08/05 12:00:15 INFO  - jmeter.engine.StandardJMeterEngine: Running the test! 
2015/08/05 12:00:15 ERROR - jmeter.util.JMeterUtils: Unable to get local host IP address. 
2015/08/05 12:00:15 INFO  - jmeter.samplers.SampleEvent: List of sample_variables: [] 
2015/08/05 12:00:15 INFO  - jmeter.samplers.SampleEvent: List of sample_variables: [] 
2015/08/05 12:00:15 INFO  - jmeter.gui.util.JMeterMenuBar: setRunning(true,*local*) 
2015/08/05 12:00:16 INFO  - jmeter.engine.StandardJMeterEngine: Starting ThreadGroup: 1 : JDBC Users 
2015/08/05 12:00:16 INFO  - jmeter.engine.StandardJMeterEngine: Starting 2 threads for group JDBC Users. 
2015/08/05 12:00:16 INFO  - jmeter.engine.StandardJMeterEngine: Thread will continue on error 
2015/08/05 12:00:16 INFO  - jmeter.threads.ThreadGroup: Starting thread group number 1 threads 2 ramp-up 1 perThread 500.0 delayedStart=false 
2015/08/05 12:00:16 INFO  - jmeter.threads.JMeterThread: jmeterthread.startearlier=true (see jmeter.properties) 
2015/08/05 12:00:16 INFO  - jmeter.threads.JMeterThread: Running PostProcessors in forward order 
2015/08/05 12:00:16 INFO  - jmeter.threads.ThreadGroup: Started thread group number 1 
2015/08/05 12:00:16 INFO  - jmeter.engine.StandardJMeterEngine: All thread groups have been started 
2015/08/05 12:00:16 INFO  - jmeter.threads.JMeterThread: Thread started: JDBC Users 1-1 
2015/08/05 12:00:16 INFO  - jmeter.threads.JMeterThread: Thread started: JDBC Users 1-2 
2015/08/05 12:00:19 INFO  - jmeter.gui.action.Start: Shutting test down 
2015/08/05 12:00:19 INFO  - jmeter.threads.JMeterThread: Stopping: JDBC Users 1-1 
2015/08/05 12:00:19 INFO  - jmeter.threads.JMeterThread: Stopping: JDBC Users 1-2 
2015/08/05 12:00:20 INFO  - jmeter.threads.JMeterThread: Thread finished: JDBC Users 1-1 
2015/08/05 12:00:20 INFO  - jmeter.threads.JMeterThread: Thread finished: JDBC Users 1-2 
2015/08/05 12:00:20 INFO  - jmeter.engine.StandardJMeterEngine: Notifying test listeners of end of test 
2015/08/05 12:00:20 INFO  - jmeter.gui.util.JMeterMenuBar: setRunning(false,*local*) 
2015/08/05 12:00:27 INFO  - jmeter.engine.StandardJMeterEngine: Running the test! 
2015/08/05 12:00:27 INFO  - jmeter.samplers.SampleEvent: List of sample_variables: [] 
2015/08/05 12:00:27 INFO  - jmeter.gui.util.JMeterMenuBar: setRunning(true,*local*) 
2015/08/05 12:00:27 INFO  - jmeter.engine.StandardJMeterEngine: Starting ThreadGroup: 1 : JDBC Users 
2015/08/05 12:00:27 INFO  - jmeter.engine.StandardJMeterEngine: Starting 10 threads for group JDBC Users. 
2015/08/05 12:00:27 INFO  - jmeter.engine.StandardJMeterEngine: Thread will continue on error 
2015/08/05 12:00:27 INFO  - jmeter.threads.ThreadGroup: Starting thread group number 1 threads 10 ramp-up 1 perThread 100.0 delayedStart=false 
2015/08/05 12:00:27 INFO  - jmeter.threads.JMeterThread: Thread started: JDBC Users 1-1 
2015/08/05 12:00:27 INFO  - jmeter.threads.ThreadGroup: Started thread group number 1 
2015/08/05 12:00:27 INFO  - jmeter.engine.StandardJMeterEngine: All thread groups have been started 
2015/08/05 12:00:27 INFO  - jmeter.threads.JMeterThread: Thread is done: JDBC Users 1-1 
2015/08/05 12:00:27 INFO  - jmeter.threads.JMeterThread: Thread finished: JDBC Users 1-1 
2015/08/05 12:00:27 INFO  - jmeter.threads.JMeterThread: Thread started: JDBC Users 1-2 
2015/08/05 12:00:27 INFO  - jmeter.threads.JMeterThread: Thread is done: JDBC Users 1-2 
2015/08/05 12:00:27 INFO  - jmeter.threads.JMeterThread: Thread finished: JDBC Users 1-2 
2015/08/05 12:00:27 INFO  - jmeter.threads.JMeterThread: Thread started: JDBC Users 1-3 
2015/08/05 12:00:27 INFO  - jmeter.threads.JMeterThread: Thread is done: JDBC Users 1-3 
2015/08/05 12:00:27 INFO  - jmeter.threads.JMeterThread: Thread finished: JDBC Users 1-3 
2015/08/05 12:00:27 INFO  - jmeter.threads.JMeterThread: Thread started: JDBC Users 1-4 
2015/08/05 12:00:27 INFO  - jmeter.threads.JMeterThread: Thread is done: JDBC Users 1-4 
2015/08/05 12:00:27 INFO  - jmeter.threads.JMeterThread: Thread finished: JDBC Users 1-4 
2015/08/05 12:00:28 INFO  - jmeter.threads.JMeterThread: Thread started: JDBC Users 1-5 
2015/08/05 12:00:28 INFO  - jmeter.threads.JMeterThread: Thread is done: JDBC Users 1-5 
2015/08/05 12:00:28 INFO  - jmeter.threads.JMeterThread: Thread finished: JDBC Users 1-5 
2015/08/05 12:00:28 INFO  - jmeter.threads.JMeterThread: Thread started: JDBC Users 1-6 
2015/08/05 12:00:28 INFO  - jmeter.threads.JMeterThread: Thread is done: JDBC Users 1-6 
2015/08/05 12:00:28 INFO  - jmeter.threads.JMeterThread: Thread finished: JDBC Users 1-6 
2015/08/05 12:00:28 INFO  - jmeter.threads.JMeterThread: Thread started: JDBC Users 1-7 
2015/08/05 12:00:28 INFO  - jmeter.threads.JMeterThread: Thread is done: JDBC Users 1-7 
2015/08/05 12:00:28 INFO  - jmeter.threads.JMeterThread: Thread finished: JDBC Users 1-7 
2015/08/05 12:00:28 INFO  - jmeter.threads.JMeterThread: Thread started: JDBC Users 1-8 
2015/08/05 12:00:28 INFO  - jmeter.threads.JMeterThread: Thread is done: JDBC Users 1-8 
2015/08/05 12:00:28 INFO  - jmeter.threads.JMeterThread: Thread finished: JDBC Users 1-8 
2015/08/05 12:00:28 INFO  - jmeter.threads.JMeterThread: Thread started: JDBC Users 1-9 
2015/08/05 12:00:28 INFO  - jmeter.threads.JMeterThread: Thread is done: JDBC Users 1-9 
2015/08/05 12:00:28 INFO  - jmeter.threads.JMeterThread: Thread finished: JDBC Users 1-9 
2015/08/05 12:00:28 INFO  - jmeter.threads.JMeterThread: Thread started: JDBC Users 1-10 
2015/08/05 12:00:28 INFO  - jmeter.threads.JMeterThread: Thread is done: JDBC Users 1-10 
2015/08/05 12:00:28 INFO  - jmeter.threads.JMeterThread: Thread finished: JDBC Users 1-10 
2015/08/05 12:00:28 INFO  - jmeter.engine.StandardJMeterEngine: Notifying test listeners of end of test 
2015/08/05 12:00:28 INFO  - jmeter.gui.util.JMeterMenuBar: setRunning(false,*local*) 
2015/08/05 12:01:52 INFO  - jmeter.engine.StandardJMeterEngine: Running the test! 
2015/08/05 12:01:52 INFO  - jmeter.samplers.SampleEvent: List of sample_variables: [] 
2015/08/05 12:01:54 INFO  - jmeter.gui.util.JMeterMenuBar: setRunning(true,*local*) 
2015/08/05 12:01:54 INFO  - jmeter.engine.StandardJMeterEngine: Starting ThreadGroup: 1 : JDBC Users 
2015/08/05 12:01:54 INFO  - jmeter.engine.StandardJMeterEngine: Starting 10 threads for group JDBC Users. 
2015/08/05 12:01:54 INFO  - jmeter.engine.StandardJMeterEngine: Thread will continue on error 
2015/08/05 12:01:54 INFO  - jmeter.threads.ThreadGroup: Starting thread group number 1 threads 10 ramp-up 1 perThread 100.0 delayedStart=false 
2015/08/05 12:01:54 INFO  - jmeter.threads.JMeterThread: Thread started: JDBC Users 1-1 
2015/08/05 12:01:54 INFO  - jmeter.threads.ThreadGroup: Started thread group number 1 
2015/08/05 12:01:54 INFO  - jmeter.engine.StandardJMeterEngine: All thread groups have been started 
2015/08/05 12:01:54 INFO  - jmeter.threads.JMeterThread: Thread started: JDBC Users 1-2 
2015/08/05 12:01:54 INFO  - jmeter.threads.JMeterThread: Thread started: JDBC Users 1-3 
2015/08/05 12:01:54 INFO  - jmeter.threads.JMeterThread: Thread started: JDBC Users 1-4 
2015/08/05 12:01:54 INFO  - jmeter.threads.JMeterThread: Thread started: JDBC Users 1-5 
2015/08/05 12:01:54 INFO  - jmeter.threads.JMeterThread: Thread started: JDBC Users 1-6 
2015/08/05 12:01:54 INFO  - jmeter.threads.JMeterThread: Thread started: JDBC Users 1-7 
2015/08/05 12:01:55 INFO  - jmeter.threads.JMeterThread: Thread started: JDBC Users 1-8 
2015/08/05 12:01:55 INFO  - jmeter.threads.JMeterThread: Thread started: JDBC Users 1-9 
2015/08/05 12:01:55 INFO  - jmeter.threads.JMeterThread: Thread started: JDBC Users 1-10 
2015/08/05 12:02:06 INFO  - jmeter.threads.JMeterThread: Thread is done: JDBC Users 1-1 
2015/08/05 12:02:06 INFO  - jmeter.threads.JMeterThread: Thread finished: JDBC Users 1-1 
2015/08/05 12:02:09 INFO  - jmeter.threads.JMeterThread: Thread is done: JDBC Users 1-8 
2015/08/05 12:02:09 INFO  - jmeter.threads.JMeterThread: Thread finished: JDBC Users 1-8 
2015/08/05 12:02:10 INFO  - jmeter.threads.JMeterThread: Thread is done: JDBC Users 1-2 
2015/08/05 12:02:10 INFO  - jmeter.threads.JMeterThread: Thread finished: JDBC Users 1-2 
2015/08/05 12:02:10 INFO  - jmeter.threads.JMeterThread: Thread is done: JDBC Users 1-7 
2015/08/05 12:02:10 INFO  - jmeter.threads.JMeterThread: Thread finished: JDBC Users 1-7 
2015/08/05 12:02:13 INFO  - jmeter.threads.JMeterThread: Thread is done: JDBC Users 1-6 
2015/08/05 12:02:13 INFO  - jmeter.threads.JMeterThread: Thread finished: JDBC Users 1-6 
2015/08/05 12:02:19 INFO  - jmeter.threads.JMeterThread: Thread is done: JDBC Users 1-5 
2015/08/05 12:02:19 INFO  - jmeter.threads.JMeterThread: Thread finished: JDBC Users 1-5 
2015/08/05 12:02:21 INFO  - jmeter.threads.JMeterThread: Thread is done: JDBC Users 1-3 
2015/08/05 12:02:21 INFO  - jmeter.threads.JMeterThread: Thread finished: JDBC Users 1-3 
2015/08/05 12:02:22 INFO  - jmeter.threads.JMeterThread: Thread is done: JDBC Users 1-10 
2015/08/05 12:02:22 INFO  - jmeter.threads.JMeterThread: Thread finished: JDBC Users 1-10 
2015/08/05 12:02:22 INFO  - jmeter.threads.JMeterThread: Thread is done: JDBC Users 1-4 
2015/08/05 12:02:22 INFO  - jmeter.threads.JMeterThread: Thread finished: JDBC Users 1-4 
2015/08/05 12:02:24 INFO  - jmeter.threads.JMeterThread: Thread is done: JDBC Users 1-9 
2015/08/05 12:02:24 INFO  - jmeter.threads.JMeterThread: Thread finished: JDBC Users 1-9 
2015/08/05 12:02:24 INFO  - jmeter.engine.StandardJMeterEngine: Notifying test listeners of end of test 
2015/08/05 12:02:25 INFO  - jmeter.gui.util.JMeterMenuBar: setRunning(false,*local*) 
2015/08/05 12:02:59 INFO  - jmeter.engine.StandardJMeterEngine: Running the test! 
2015/08/05 12:02:59 INFO  - jmeter.samplers.SampleEvent: List of sample_variables: [] 
2015/08/05 12:03:02 INFO  - jmeter.gui.util.JMeterMenuBar: setRunning(true,*local*) 
2015/08/05 12:03:02 INFO  - jmeter.engine.StandardJMeterEngine: Starting ThreadGroup: 1 : JDBC Users 
2015/08/05 12:03:02 INFO  - jmeter.engine.StandardJMeterEngine: Starting 10 threads for group JDBC Users. 
2015/08/05 12:03:02 INFO  - jmeter.engine.StandardJMeterEngine: Thread will continue on error 
2015/08/05 12:03:02 INFO  - jmeter.threads.ThreadGroup: Starting thread group number 1 threads 10 ramp-up 1 perThread 100.0 delayedStart=false 
2015/08/05 12:03:02 INFO  - jmeter.threads.JMeterThread: Thread started: JDBC Users 1-1 
2015/08/05 12:03:02 INFO  - jmeter.threads.ThreadGroup: Started thread group number 1 
2015/08/05 12:03:02 INFO  - jmeter.engine.StandardJMeterEngine: All thread groups have been started 
2015/08/05 12:03:02 INFO  - jmeter.threads.JMeterThread: Thread started: JDBC Users 1-2 
2015/08/05 12:03:02 INFO  - jmeter.threads.JMeterThread: Thread started: JDBC Users 1-3 
2015/08/05 12:03:02 INFO  - jmeter.threads.JMeterThread: Thread started: JDBC Users 1-4 
2015/08/05 12:03:02 INFO  - jmeter.threads.JMeterThread: Thread started: JDBC Users 1-5 
2015/08/05 12:03:02 INFO  - jmeter.threads.JMeterThread: Thread started: JDBC Users 1-6 
2015/08/05 12:03:02 INFO  - jmeter.threads.JMeterThread: Thread started: JDBC Users 1-7 
2015/08/05 12:03:03 INFO  - jmeter.threads.JMeterThread: Thread started: JDBC Users 1-8 
2015/08/05 12:03:03 INFO  - jmeter.threads.JMeterThread: Thread started: JDBC Users 1-9 
2015/08/05 12:03:03 INFO  - jmeter.threads.JMeterThread: Thread started: JDBC Users 1-10 
2015/08/05 12:03:10 INFO  - jmeter.threads.JMeterThread: Thread is done: JDBC Users 1-1 
2015/08/05 12:03:10 INFO  - jmeter.threads.JMeterThread: Thread finished: JDBC Users 1-1 
2015/08/05 12:03:10 INFO  - jmeter.threads.JMeterThread: Thread is done: JDBC Users 1-2 
2015/08/05 12:03:10 INFO  - jmeter.threads.JMeterThread: Thread finished: JDBC Users 1-2 
2015/08/05 12:03:11 INFO  - jmeter.threads.JMeterThread: Thread is done: JDBC Users 1-9 
2015/08/05 12:03:11 INFO  - jmeter.threads.JMeterThread: Thread finished: JDBC Users 1-9 
2015/08/05 12:03:14 INFO  - jmeter.threads.JMeterThread: Thread is done: JDBC Users 1-8 
2015/08/05 12:03:14 INFO  - jmeter.threads.JMeterThread: Thread finished: JDBC Users 1-8 
2015/08/05 12:03:14 INFO  - jmeter.threads.JMeterThread: Thread is done: JDBC Users 1-7 
2015/08/05 12:03:14 INFO  - jmeter.threads.JMeterThread: Thread finished: JDBC Users 1-7 
2015/08/05 12:03:15 INFO  - jmeter.threads.JMeterThread: Thread is done: JDBC Users 1-6 
2015/08/05 12:03:15 INFO  - jmeter.threads.JMeterThread: Thread finished: JDBC Users 1-6 
2015/08/05 12:03:18 INFO  - jmeter.threads.JMeterThread: Thread is done: JDBC Users 1-5 
2015/08/05 12:03:18 INFO  - jmeter.threads.JMeterThread: Thread finished: JDBC Users 1-5 
2015/08/05 12:03:19 INFO  - jmeter.threads.JMeterThread: Thread is done: JDBC Users 1-4 
2015/08/05 12:03:19 INFO  - jmeter.threads.JMeterThread: Thread finished: JDBC Users 1-4 
2015/08/05 12:03:20 INFO  - jmeter.threads.JMeterThread: Thread is done: JDBC Users 1-10 
2015/08/05 12:03:20 INFO  - jmeter.threads.JMeterThread: Thread finished: JDBC Users 1-10 
2015/08/05 12:03:20 INFO  - jmeter.threads.JMeterThread: Thread is done: JDBC Users 1-3 
2015/08/05 12:03:20 INFO  - jmeter.threads.JMeterThread: Thread finished: JDBC Users 1-3 
2015/08/05 12:03:20 INFO  - jmeter.engine.StandardJMeterEngine: Notifying test listeners of end of test 
2015/08/05 12:03:23 INFO  - jmeter.gui.util.JMeterMenuBar: setRunning(false,*local*) 
2015/08/05 12:05:49 INFO  - jmeter.engine.StandardJMeterEngine: Running the test! 
2015/08/05 12:05:49 INFO  - jmeter.samplers.SampleEvent: List of sample_variables: [] 
2015/08/05 12:05:49 INFO  - jmeter.gui.util.JMeterMenuBar: setRunning(true,*local*) 
2015/08/05 12:05:50 INFO  - jmeter.engine.StandardJMeterEngine: Starting ThreadGroup: 1 : JDBC Users 
2015/08/05 12:05:50 INFO  - jmeter.engine.StandardJMeterEngine: Starting 10 threads for group JDBC Users. 
2015/08/05 12:05:50 INFO  - jmeter.engine.StandardJMeterEngine: Thread will continue on error 
2015/08/05 12:05:50 INFO  - jmeter.threads.ThreadGroup: Starting thread group number 1 threads 10 ramp-up 0 perThread 0.0 delayedStart=false 
2015/08/05 12:05:50 INFO  - jmeter.threads.JMeterThread: Thread started: JDBC Users 1-1 
2015/08/05 12:05:50 INFO  - jmeter.threads.JMeterThread: Thread started: JDBC Users 1-2 
2015/08/05 12:05:50 INFO  - jmeter.threads.JMeterThread: Thread started: JDBC Users 1-3 
2015/08/05 12:05:50 INFO  - jmeter.threads.JMeterThread: Thread started: JDBC Users 1-4 
2015/08/05 12:05:50 INFO  - jmeter.threads.JMeterThread: Thread started: JDBC Users 1-5 
2015/08/05 12:05:50 INFO  - jmeter.threads.JMeterThread: Thread started: JDBC Users 1-6 
2015/08/05 12:05:50 INFO  - jmeter.threads.JMeterThread: Thread started: JDBC Users 1-7 
2015/08/05 12:05:50 INFO  - jmeter.threads.JMeterThread: Thread started: JDBC Users 1-8 
2015/08/05 12:05:50 INFO  - jmeter.threads.JMeterThread: Thread started: JDBC Users 1-9 
2015/08/05 12:05:50 INFO  - jmeter.threads.ThreadGroup: Started thread group number 1 
2015/08/05 12:05:50 INFO  - jmeter.engine.StandardJMeterEngine: All thread groups have been started 
2015/08/05 12:05:50 INFO  - jmeter.threads.JMeterThread: Thread started: JDBC Users 1-10 
2015/08/05 12:05:57 INFO  - jmeter.threads.JMeterThread: Thread is done: JDBC Users 1-1 
2015/08/05 12:05:57 INFO  - jmeter.threads.JMeterThread: Thread is done: JDBC Users 1-2 
2015/08/05 12:05:57 INFO  - jmeter.threads.JMeterThread: Thread finished: JDBC Users 1-1 
2015/08/05 12:05:57 INFO  - jmeter.threads.JMeterThread: Thread finished: JDBC Users 1-2 
2015/08/05 12:06:02 INFO  - jmeter.threads.JMeterThread: Thread is done: JDBC Users 1-10 
2015/08/05 12:06:02 INFO  - jmeter.threads.JMeterThread: Thread finished: JDBC Users 1-10 
2015/08/05 12:06:02 INFO  - jmeter.threads.JMeterThread: Thread is done: JDBC Users 1-9 
2015/08/05 12:06:02 INFO  - jmeter.threads.JMeterThread: Thread finished: JDBC Users 1-9 
2015/08/05 12:06:04 INFO  - jmeter.threads.JMeterThread: Thread is done: JDBC Users 1-8 
2015/08/05 12:06:04 INFO  - jmeter.threads.JMeterThread: Thread finished: JDBC Users 1-8 
2015/08/05 12:06:04 INFO  - jmeter.threads.JMeterThread: Thread is done: JDBC Users 1-7 
2015/08/05 12:06:04 INFO  - jmeter.threads.JMeterThread: Thread finished: JDBC Users 1-7 
2015/08/05 12:06:04 INFO  - jmeter.threads.JMeterThread: Thread is done: JDBC Users 1-6 
2015/08/05 12:06:04 INFO  - jmeter.threads.JMeterThread: Thread finished: JDBC Users 1-6 
2015/08/05 12:06:07 INFO  - jmeter.threads.JMeterThread: Thread is done: JDBC Users 1-5 
2015/08/05 12:06:07 INFO  - jmeter.threads.JMeterThread: Thread finished: JDBC Users 1-5 
2015/08/05 12:06:08 INFO  - jmeter.threads.JMeterThread: Thread is done: JDBC Users 1-4 
2015/08/05 12:06:08 INFO  - jmeter.threads.JMeterThread: Thread finished: JDBC Users 1-4 
2015/08/05 12:06:09 INFO  - jmeter.threads.JMeterThread: Thread is done: JDBC Users 1-3 
2015/08/05 12:06:09 INFO  - jmeter.threads.JMeterThread: Thread finished: JDBC Users 1-3 
2015/08/05 12:06:09 INFO  - jmeter.engine.StandardJMeterEngine: Notifying test listeners of end of test 
2015/08/05 12:06:36 INFO  - jmeter.gui.util.JMeterMenuBar: setRunning(false,*local*) 
2015/08/05 12:12:12 INFO  - jmeter.engine.StandardJMeterEngine: Running the test! 
2015/08/05 12:12:12 INFO  - jmeter.samplers.SampleEvent: List of sample_variables: [] 
2015/08/05 12:12:13 INFO  - jmeter.gui.util.JMeterMenuBar: setRunning(true,*local*) 
2015/08/05 12:12:13 INFO  - jmeter.engine.StandardJMeterEngine: Starting ThreadGroup: 1 : JDBC Users 
2015/08/05 12:12:13 INFO  - jmeter.engine.StandardJMeterEngine: Starting 10 threads for group JDBC Users. 
2015/08/05 12:12:13 INFO  - jmeter.engine.StandardJMeterEngine: Thread will continue on error 
2015/08/05 12:12:13 INFO  - jmeter.threads.ThreadGroup: Starting thread group number 1 threads 10 ramp-up 0 perThread 0.0 delayedStart=false 
2015/08/05 12:12:13 INFO  - jmeter.threads.JMeterThread: Thread started: JDBC Users 1-1 
2015/08/05 12:12:13 INFO  - jmeter.threads.JMeterThread: Thread started: JDBC Users 1-2 
2015/08/05 12:12:13 INFO  - jmeter.threads.JMeterThread: Thread started: JDBC Users 1-3 
2015/08/05 12:12:13 INFO  - jmeter.threads.JMeterThread: Thread started: JDBC Users 1-4 
2015/08/05 12:12:13 INFO  - jmeter.threads.JMeterThread: Thread started: JDBC Users 1-5 
2015/08/05 12:12:13 INFO  - jmeter.threads.JMeterThread: Thread started: JDBC Users 1-6 
2015/08/05 12:12:13 INFO  - jmeter.threads.JMeterThread: Thread started: JDBC Users 1-7 
2015/08/05 12:12:13 INFO  - jmeter.threads.JMeterThread: Thread started: JDBC Users 1-8 
2015/08/05 12:12:13 INFO  - jmeter.threads.JMeterThread: Thread started: JDBC Users 1-9 
2015/08/05 12:12:13 INFO  - jmeter.threads.ThreadGroup: Started thread group number 1 
2015/08/05 12:12:13 INFO  - jmeter.engine.StandardJMeterEngine: All thread groups have been started 
2015/08/05 12:12:13 INFO  - jmeter.threads.JMeterThread: Thread started: JDBC Users 1-10 
2015/08/05 12:12:19 INFO  - jmeter.threads.JMeterThread: Thread is done: JDBC Users 1-1 
2015/08/05 12:12:19 INFO  - jmeter.threads.JMeterThread: Thread finished: JDBC Users 1-1 
2015/08/05 12:12:21 INFO  - jmeter.threads.JMeterThread: Thread is done: JDBC Users 1-2 
2015/08/05 12:12:21 INFO  - jmeter.threads.JMeterThread: Thread finished: JDBC Users 1-2 
2015/08/05 12:12:24 INFO  - jmeter.threads.JMeterThread: Thread is done: JDBC Users 1-10 
2015/08/05 12:12:24 INFO  - jmeter.threads.JMeterThread: Thread finished: JDBC Users 1-10 
2015/08/05 12:12:25 INFO  - jmeter.threads.JMeterThread: Thread is done: JDBC Users 1-9 
2015/08/05 12:12:25 INFO  - jmeter.threads.JMeterThread: Thread finished: JDBC Users 1-9 
2015/08/05 12:12:25 INFO  - jmeter.threads.JMeterThread: Thread is done: JDBC Users 1-8 
2015/08/05 12:12:25 INFO  - jmeter.threads.JMeterThread: Thread finished: JDBC Users 1-8 
2015/08/05 12:12:26 INFO  - jmeter.threads.JMeterThread: Thread is done: JDBC Users 1-7 
2015/08/05 12:12:26 INFO  - jmeter.threads.JMeterThread: Thread finished: JDBC Users 1-7 
2015/08/05 12:12:29 INFO  - jmeter.threads.JMeterThread: Thread is done: JDBC Users 1-6 
2015/08/05 12:12:29 INFO  - jmeter.threads.JMeterThread: Thread finished: JDBC Users 1-6 
2015/08/05 12:12:31 INFO  - jmeter.threads.JMeterThread: Thread is done: JDBC Users 1-5 
2015/08/05 12:12:31 INFO  - jmeter.threads.JMeterThread: Thread is done: JDBC Users 1-4 
2015/08/05 12:12:31 INFO  - jmeter.threads.JMeterThread: Thread finished: JDBC Users 1-5 
2015/08/05 12:12:31 INFO  - jmeter.threads.JMeterThread: Thread finished: JDBC Users 1-4 
2015/08/05 12:12:31 INFO  - jmeter.threads.JMeterThread: Thread is done: JDBC Users 1-3 
2015/08/05 12:12:31 INFO  - jmeter.threads.JMeterThread: Thread finished: JDBC Users 1-3 
2015/08/05 12:12:31 INFO  - jmeter.engine.StandardJMeterEngine: Notifying test listeners of end of test 
2015/08/05 12:12:33 INFO  - jmeter.gui.util.JMeterMenuBar: setRunning(false,*local*) 
2015/08/06 10:29:48 INFO  - jmeter.engine.StandardJMeterEngine: Running the test! 
2015/08/06 10:29:48 INFO  - jmeter.samplers.SampleEvent: List of sample_variables: [] 
2015/08/06 10:29:49 INFO  - jmeter.gui.util.JMeterMenuBar: setRunning(true,*local*) 
2015/08/06 10:29:50 INFO  - jmeter.engine.StandardJMeterEngine: Starting ThreadGroup: 1 : JDBC Users 
2015/08/06 10:29:50 INFO  - jmeter.engine.StandardJMeterEngine: Starting 10 threads for group JDBC Users. 
2015/08/06 10:29:50 INFO  - jmeter.engine.StandardJMeterEngine: Thread will continue on error 
2015/08/06 10:29:50 INFO  - jmeter.threads.ThreadGroup: Starting thread group number 1 threads 10 ramp-up 0 perThread 0.0 delayedStart=false 
2015/08/06 10:29:50 INFO  - jmeter.threads.JMeterThread: Thread started: JDBC Users 1-1 
2015/08/06 10:29:50 INFO  - jmeter.threads.JMeterThread: Thread started: JDBC Users 1-2 
2015/08/06 10:29:50 INFO  - jmeter.threads.JMeterThread: Thread started: JDBC Users 1-3 
2015/08/06 10:29:50 INFO  - jmeter.threads.JMeterThread: Thread started: JDBC Users 1-4 
2015/08/06 10:29:50 INFO  - jmeter.threads.JMeterThread: Thread started: JDBC Users 1-5 
2015/08/06 10:29:50 INFO  - jmeter.threads.JMeterThread: Thread started: JDBC Users 1-6 
2015/08/06 10:29:50 INFO  - jmeter.threads.JMeterThread: Thread started: JDBC Users 1-7 
2015/08/06 10:29:50 INFO  - jmeter.threads.JMeterThread: Thread started: JDBC Users 1-8 
2015/08/06 10:29:50 INFO  - jmeter.threads.JMeterThread: Thread started: JDBC Users 1-9 
2015/08/06 10:29:50 INFO  - jmeter.threads.ThreadGroup: Started thread group number 1 
2015/08/06 10:29:50 INFO  - jmeter.engine.StandardJMeterEngine: All thread groups have been started 
2015/08/06 10:29:50 INFO  - jmeter.threads.JMeterThread: Thread started: JDBC Users 1-10 
2015/08/06 10:30:02 INFO  - jmeter.threads.JMeterThread: Thread is done: JDBC Users 1-5 
2015/08/06 10:30:02 INFO  - jmeter.threads.JMeterThread: Thread finished: JDBC Users 1-5 
2015/08/06 10:30:02 INFO  - jmeter.threads.JMeterThread: Thread is done: JDBC Users 1-10 
2015/08/06 10:30:02 INFO  - jmeter.threads.JMeterThread: Thread finished: JDBC Users 1-10 
2015/08/06 10:30:02 INFO  - jmeter.threads.JMeterThread: Thread is done: JDBC Users 1-3 
2015/08/06 10:30:02 INFO  - jmeter.threads.JMeterThread: Thread finished: JDBC Users 1-3 
2015/08/06 10:30:02 INFO  - jmeter.threads.JMeterThread: Thread is done: JDBC Users 1-7 
2015/08/06 10:30:02 INFO  - jmeter.threads.JMeterThread: Thread finished: JDBC Users 1-7 
2015/08/06 10:30:03 INFO  - jmeter.threads.JMeterThread: Thread is done: JDBC Users 1-6 
2015/08/06 10:30:03 INFO  - jmeter.threads.JMeterThread: Thread finished: JDBC Users 1-6 
2015/08/06 10:30:03 INFO  - jmeter.threads.JMeterThread: Thread is done: JDBC Users 1-1 
2015/08/06 10:30:03 INFO  - jmeter.threads.JMeterThread: Thread finished: JDBC Users 1-1 
2015/08/06 10:30:09 INFO  - jmeter.threads.JMeterThread: Thread is done: JDBC Users 1-8 
2015/08/06 10:30:09 INFO  - jmeter.threads.JMeterThread: Thread finished: JDBC Users 1-8 
2015/08/06 10:30:10 INFO  - jmeter.threads.JMeterThread: Thread is done: JDBC Users 1-4 
2015/08/06 10:30:10 INFO  - jmeter.threads.JMeterThread: Thread finished: JDBC Users 1-4 
2015/08/06 10:30:10 INFO  - jmeter.threads.JMeterThread: Thread is done: JDBC Users 1-2 
2015/08/06 10:30:10 INFO  - jmeter.threads.JMeterThread: Thread finished: JDBC Users 1-2 
2015/08/06 10:30:10 INFO  - jmeter.threads.JMeterThread: Thread is done: JDBC Users 1-9 
2015/08/06 10:30:10 INFO  - jmeter.threads.JMeterThread: Thread finished: JDBC Users 1-9 
2015/08/06 10:30:10 INFO  - jmeter.engine.StandardJMeterEngine: Notifying test listeners of end of test 
2015/08/06 10:30:11 INFO  - jmeter.gui.util.JMeterMenuBar: setRunning(false,*local*) 
